<?xml version="1.0" encoding="UTF-8"?>
<!-- Generated by org.testng.reporters.JUnitXMLReporter -->
<testsuite ignored="8" hostname="LAPTOP-5QUMFMFQ" failures="2" tests="3" name="Test" time="0.858" errors="0" timestamp="2023-11-25T06:07:37 GMT-08:00">
  <testcase classname="NewTest2" name="f" time="0.043">
    <failure type="java.lang.NullPointerException" message="Cannot invoke &amp;quot;org.openqa.selenium.WebDriver.get(String)&amp;quot; because &amp;quot;this.driver&amp;quot; is null">
      <![CDATA[java.lang.NullPointerException: Cannot invoke "org.openqa.selenium.WebDriver.get(String)" because "this.driver" is null
at NewTest2.f(NewTest2.java:24)
at java.base/java.util.ArrayList.forEach(ArrayList.java:1511)
... Removed 28 stack frames]]>
    </failure>
  </testcase> <!-- f -->
  <testcase classname="NewTest2" name="aogin" time="0.0">
    <skipped/>
  </testcase> <!-- aogin -->
  <testcase classname="NewTest2" name="get" time="0.003">
    <failure type="java.lang.NullPointerException" message="Cannot invoke &amp;quot;org.openqa.selenium.WebDriver.getTitle()&amp;quot; because &amp;quot;this.driver&amp;quot; is null">
      <![CDATA[java.lang.NullPointerException: Cannot invoke "org.openqa.selenium.WebDriver.getTitle()" because "this.driver" is null
at NewTest2.get(NewTest2.java:41)
at java.base/java.util.ArrayList.forEach(ArrayList.java:1511)
... Removed 28 stack frames]]>
    </failure>
  </testcase> <!-- get -->
  <testcase classname="NewTest1" name="f" time="0.0">
    <ignored/>
  </testcase> <!-- f -->
  <testcase classname="NewTest3" name="f" time="0.0">
    <ignored/>
  </testcase> <!-- f -->
  <testcase classname="com.selenium.Projecr2.NewTest4" name="beforeSuite" time="0.0">
    <ignored/>
  </testcase> <!-- beforeSuite -->
  <testcase classname="com.selenium.Projecr2.NewTest4" name="afterSuite" time="0.0">
    <ignored/>
  </testcase> <!-- afterSuite -->
  <testcase classname="NewTest3" name="beforeSuite" time="0.0">
    <ignored/>
  </testcase> <!-- beforeSuite -->
  <testcase classname="com.selenium.Projecr2.NewTest4" name="f" time="0.0">
    <ignored/>
  </testcase> <!-- f -->
  <testcase classname="NewTest" name="f" time="0.0">
    <ignored/>
  </testcase> <!-- f -->
  <testcase classname="NewTest3" name="afterSuite" time="0.0">
    <ignored/>
  </testcase> <!-- afterSuite -->
</testsuite> <!-- Test -->
