<?xml version="1.0" encoding="UTF-8"?>
<!-- Generated by org.testng.reporters.JUnitXMLReporter -->
<testsuite ignored="0" hostname="LAPTOP-5QUMFMFQ" failures="0" tests="4" name="Default test" time="1.453" errors="0" timestamp="2023-12-01T05:13:32 GMT-08:00">
  <testcase classname="com.selenium.Projecr2.NewTest" name="test1" time="0.062"/>
  <testcase classname="com.selenium.Projecr2.NewTest" name="test2" time="0.02"/>
  <testcase classname="com.selenium.Projecr2.NewTest" name="test3" time="1.039"/>
  <testcase classname="com.selenium.Projecr2.NewTest" name="test4" time="0.003"/>
</testsuite> <!-- Default test -->
