<?xml version="1.0" encoding="UTF-8"?>
<!-- Generated by org.testng.reporters.JUnitXMLReporter -->
<testsuite ignored="0" hostname="LAPTOP-5QUMFMFQ" failures="1" tests="4" name="Test" time="1.59" errors="0" timestamp="2023-12-01T05:23:15 GMT-08:00">
  <testcase classname="com.selenium.Projecr2.NewTest" name="test1" time="0.169"/>
  <testcase classname="com.selenium.Projecr2.NewTest" name="test2" time="0.014"/>
  <testcase classname="com.selenium.Projecr2.NewTest" name="test3" time="1.025">
    <failure type="org.testng.internal.thread.ThreadTimeoutException" message="Method com.selenium.Projecr2.NewTest.test3() didn&amp;apos;t finish within the time-out 1000">
      <![CDATA[org.testng.internal.thread.ThreadTimeoutException: Method com.selenium.Projecr2.NewTest.test3() didn't finish within the time-out 1000
at java.base@17.0.8.1/java.lang.Thread.sleep(Native Method)
at app//com.selenium.Projecr2.NewTest.test3(NewTest.java:23)
at java.base@17.0.8.1/java.util.concurrent.FutureTask.run(FutureTask.java:264)
at java.base@17.0.8.1/java.util.concurrent.ThreadPoolExecutor.runWorker(ThreadPoolExecutor.java:1136)
at java.base@17.0.8.1/java.util.concurrent.ThreadPoolExecutor$Worker.run(ThreadPoolExecutor.java:635)
at java.base@17.0.8.1/java.lang.Thread.run(Thread.java:833)
... Removed 8 stack frames]]>
    </failure>
  </testcase> <!-- test3 -->
  <testcase classname="com.selenium.Projecr2.NewTest" name="test4" time="0.001">
    <skipped/>
  </testcase> <!-- test4 -->
</testsuite> <!-- Test -->
