<?xml version="1.0" encoding="UTF-8"?>
<testng-results ignored="0" total="7" passed="6" failed="1" skipped="0">
  <reporter-output>
  </reporter-output>
  <suite started-at="2023-12-14T13:22:25 GMT-08:00" name="Suite" finished-at="2023-12-14T13:22:51 GMT-08:00" duration-ms="25314">
    <groups>
      <group name="regression">
        <method signature="NewTest1.f()[pri:0, instance:NewTest1@5119fb47]" name="f" class="NewTest1"/>
      </group> <!-- regression -->
      <group name="smoke">
        <method signature="NewTest.f()[pri:0, instance:NewTest@6eda5c9]" name="f" class="NewTest"/>
      </group> <!-- smoke -->
    </groups>
    <test started-at="2023-12-14T13:22:25 GMT-08:00" name="Test" finished-at="2023-12-14T13:22:51 GMT-08:00" duration-ms="25314">
      <class name="com.selenium.Projecr2.NewTest4">
        <test-method is-config="true" signature="beforeTest()[pri:0, instance:com.selenium.Projecr2.NewTest4@192d43ce]" started-at="2023-12-14T13:22:25 GMT-08:00" name="beforeTest" finished-at="2023-12-14T13:22:25 GMT-08:00" duration-ms="1" status="PASS">
          <reporter-output>
          </reporter-output>
        </test-method> <!-- beforeTest -->
        <test-method is-config="true" signature="beforeClass()[pri:0, instance:com.selenium.Projecr2.NewTest4@192d43ce]" started-at="2023-12-14T13:22:50 GMT-08:00" name="beforeClass" finished-at="2023-12-14T13:22:50 GMT-08:00" duration-ms="2" status="PASS">
          <reporter-output>
          </reporter-output>
        </test-method> <!-- beforeClass -->
        <test-method is-config="true" signature="beforeMethod()[pri:0, instance:com.selenium.Projecr2.NewTest4@192d43ce]" started-at="2023-12-14T13:22:50 GMT-08:00" name="beforeMethod" finished-at="2023-12-14T13:22:50 GMT-08:00" duration-ms="5" status="PASS">
          <reporter-output>
          </reporter-output>
        </test-method> <!-- beforeMethod -->
        <test-method signature="beforeSuite()[pri:0, instance:com.selenium.Projecr2.NewTest4@192d43ce]" started-at="2023-12-14T13:22:50 GMT-08:00" name="beforeSuite" finished-at="2023-12-14T13:22:50 GMT-08:00" duration-ms="5" status="FAIL">
          <exception class="junit.framework.AssertionFailedError">
            <full-stacktrace>
              <![CDATA[junit.framework.AssertionFailedError
at junit.framework.Assert.fail(Assert.java:47)
at junit.framework.Assert.fail(Assert.java:53)
at com.selenium.Projecr2.NewTest4.beforeSuite(NewTest4.java:54)
at java.base/jdk.internal.reflect.NativeMethodAccessorImpl.invoke0(Native Method)
at java.base/jdk.internal.reflect.NativeMethodAccessorImpl.invoke(NativeMethodAccessorImpl.java:77)
at java.base/jdk.internal.reflect.DelegatingMethodAccessorImpl.invoke(DelegatingMethodAccessorImpl.java:43)
at java.base/java.lang.reflect.Method.invoke(Method.java:568)
at org.testng.internal.invokers.MethodInvocationHelper.invokeMethod(MethodInvocationHelper.java:139)
at org.testng.internal.invokers.TestInvoker.invokeMethod(TestInvoker.java:677)
at org.testng.internal.invokers.TestInvoker.invokeTestMethod(TestInvoker.java:221)
at org.testng.internal.invokers.MethodRunner.runInSequence(MethodRunner.java:50)
at org.testng.internal.invokers.TestInvoker$MethodInvocationAgent.invoke(TestInvoker.java:969)
at org.testng.internal.invokers.TestInvoker.invokeTestMethods(TestInvoker.java:194)
at org.testng.internal.invokers.TestMethodWorker.invokeTestMethods(TestMethodWorker.java:148)
at org.testng.internal.invokers.TestMethodWorker.run(TestMethodWorker.java:128)
at java.base/java.util.ArrayList.forEach(ArrayList.java:1511)
at org.testng.TestRunner.privateRun(TestRunner.java:829)
at org.testng.TestRunner.run(TestRunner.java:602)
at org.testng.SuiteRunner.runTest(SuiteRunner.java:437)
at org.testng.SuiteRunner.runSequentially(SuiteRunner.java:431)
at org.testng.SuiteRunner.privateRun(SuiteRunner.java:391)
at org.testng.SuiteRunner.run(SuiteRunner.java:330)
at org.testng.SuiteRunnerWorker.runSuite(SuiteRunnerWorker.java:52)
at org.testng.SuiteRunnerWorker.run(SuiteRunnerWorker.java:95)
at org.testng.TestNG.runSuitesSequentially(TestNG.java:1256)
at org.testng.TestNG.runSuitesLocally(TestNG.java:1176)
at org.testng.TestNG.runSuites(TestNG.java:1099)
at org.testng.TestNG.run(TestNG.java:1067)
at org.apache.maven.surefire.testng.TestNGExecutor.run(TestNGExecutor.java:308)
at org.apache.maven.surefire.testng.TestNGXmlTestSuite.execute(TestNGXmlTestSuite.java:71)
at org.apache.maven.surefire.testng.TestNGProvider.invoke(TestNGProvider.java:113)
at org.apache.maven.surefire.booter.ForkedBooter.runSuitesInProcess(ForkedBooter.java:385)
at org.apache.maven.surefire.booter.ForkedBooter.execute(ForkedBooter.java:162)
at org.apache.maven.surefire.booter.ForkedBooter.run(ForkedBooter.java:507)
at org.apache.maven.surefire.booter.ForkedBooter.main(ForkedBooter.java:495)
]]>
            </full-stacktrace>
          </exception> <!-- junit.framework.AssertionFailedError -->
          <reporter-output>
          </reporter-output>
        </test-method> <!-- beforeSuite -->
        <test-method is-config="true" signature="afterMethod()[pri:0, instance:com.selenium.Projecr2.NewTest4@192d43ce]" started-at="2023-12-14T13:22:50 GMT-08:00" name="afterMethod" finished-at="2023-12-14T13:22:50 GMT-08:00" duration-ms="1" status="PASS">
          <reporter-output>
          </reporter-output>
        </test-method> <!-- afterMethod -->
        <test-method signature="f()[pri:0, instance:com.selenium.Projecr2.NewTest4@192d43ce]" started-at="2023-12-14T13:22:50 GMT-08:00" name="f" finished-at="2023-12-14T13:22:50 GMT-08:00" duration-ms="1" status="PASS">
          <reporter-output>
          </reporter-output>
        </test-method> <!-- f -->
        <test-method is-config="true" signature="beforeMethod()[pri:0, instance:com.selenium.Projecr2.NewTest4@192d43ce]" started-at="2023-12-14T13:22:50 GMT-08:00" name="beforeMethod" finished-at="2023-12-14T13:22:50 GMT-08:00" duration-ms="0" status="PASS">
          <reporter-output>
          </reporter-output>
        </test-method> <!-- beforeMethod -->
        <test-method is-config="true" signature="afterMethod()[pri:0, instance:com.selenium.Projecr2.NewTest4@192d43ce]" started-at="2023-12-14T13:22:50 GMT-08:00" name="afterMethod" finished-at="2023-12-14T13:22:50 GMT-08:00" duration-ms="0" status="PASS">
          <reporter-output>
          </reporter-output>
        </test-method> <!-- afterMethod -->
        <test-method signature="f()[pri:0, instance:com.selenium.Projecr2.NewTest4@192d43ce]" started-at="2023-12-14T13:22:50 GMT-08:00" name="f" finished-at="2023-12-14T13:22:50 GMT-08:00" duration-ms="1" status="PASS">
          <reporter-output>
          </reporter-output>
        </test-method> <!-- f -->
        <test-method is-config="true" signature="beforeMethod()[pri:0, instance:com.selenium.Projecr2.NewTest4@192d43ce]" started-at="2023-12-14T13:22:50 GMT-08:00" name="beforeMethod" finished-at="2023-12-14T13:22:50 GMT-08:00" duration-ms="0" status="PASS">
          <reporter-output>
          </reporter-output>
        </test-method> <!-- beforeMethod -->
        <test-method is-config="true" signature="afterMethod()[pri:0, instance:com.selenium.Projecr2.NewTest4@192d43ce]" started-at="2023-12-14T13:22:51 GMT-08:00" name="afterMethod" finished-at="2023-12-14T13:22:51 GMT-08:00" duration-ms="0" status="PASS">
          <reporter-output>
          </reporter-output>
        </test-method> <!-- afterMethod -->
        <test-method signature="f()[pri:0, instance:com.selenium.Projecr2.NewTest4@192d43ce]" started-at="2023-12-14T13:22:51 GMT-08:00" name="f" finished-at="2023-12-14T13:22:51 GMT-08:00" duration-ms="2" status="PASS">
          <reporter-output>
          </reporter-output>
        </test-method> <!-- f -->
        <test-method is-config="true" signature="beforeMethod()[pri:0, instance:com.selenium.Projecr2.NewTest4@192d43ce]" started-at="2023-12-14T13:22:51 GMT-08:00" name="beforeMethod" finished-at="2023-12-14T13:22:51 GMT-08:00" duration-ms="0" status="PASS">
          <reporter-output>
          </reporter-output>
        </test-method> <!-- beforeMethod -->
        <test-method is-config="true" signature="afterMethod()[pri:0, instance:com.selenium.Projecr2.NewTest4@192d43ce]" started-at="2023-12-14T13:22:51 GMT-08:00" name="afterMethod" finished-at="2023-12-14T13:22:51 GMT-08:00" duration-ms="1" status="PASS">
          <reporter-output>
          </reporter-output>
        </test-method> <!-- afterMethod -->
        <test-method is-config="true" signature="beforeMethod()[pri:0, instance:com.selenium.Projecr2.NewTest4@192d43ce]" started-at="2023-12-14T13:22:51 GMT-08:00" name="beforeMethod" finished-at="2023-12-14T13:22:51 GMT-08:00" duration-ms="1" status="PASS">
          <reporter-output>
          </reporter-output>
        </test-method> <!-- beforeMethod -->
        <test-method signature="afterSuite()[pri:0, instance:com.selenium.Projecr2.NewTest4@192d43ce]" started-at="2023-12-14T13:22:51 GMT-08:00" name="afterSuite" finished-at="2023-12-14T13:22:51 GMT-08:00" depends-on-methods="com.selenium.Projecr2.NewTest4.beforeSuite" duration-ms="163" status="PASS">
          <reporter-output>
          </reporter-output>
        </test-method> <!-- afterSuite -->
        <test-method is-config="true" signature="afterMethod()[pri:0, instance:com.selenium.Projecr2.NewTest4@192d43ce]" started-at="2023-12-14T13:22:51 GMT-08:00" name="afterMethod" finished-at="2023-12-14T13:22:51 GMT-08:00" duration-ms="1" status="PASS">
          <reporter-output>
          </reporter-output>
        </test-method> <!-- afterMethod -->
        <test-method is-config="true" signature="afterClass()[pri:0, instance:com.selenium.Projecr2.NewTest4@192d43ce]" started-at="2023-12-14T13:22:51 GMT-08:00" name="afterClass" finished-at="2023-12-14T13:22:51 GMT-08:00" duration-ms="13" status="PASS">
          <reporter-output>
          </reporter-output>
        </test-method> <!-- afterClass -->
        <test-method is-config="true" signature="afterTest()[pri:0, instance:com.selenium.Projecr2.NewTest4@192d43ce]" started-at="2023-12-14T13:22:51 GMT-08:00" name="afterTest" finished-at="2023-12-14T13:22:51 GMT-08:00" duration-ms="0" status="PASS">
          <reporter-output>
          </reporter-output>
        </test-method> <!-- afterTest -->
      </class> <!-- com.selenium.Projecr2.NewTest4 -->
      <class name="NewTest">
        <test-method is-config="true" signature="beforeMethod()[pri:0, instance:NewTest@6eda5c9]" started-at="2023-12-14T13:22:26 GMT-08:00" name="beforeMethod" finished-at="2023-12-14T13:22:49 GMT-08:00" duration-ms="23698" status="PASS">
          <reporter-output>
          </reporter-output>
        </test-method> <!-- beforeMethod -->
        <test-method signature="f()[pri:0, instance:NewTest@6eda5c9]" started-at="2023-12-14T13:22:49 GMT-08:00" name="f" finished-at="2023-12-14T13:22:50 GMT-08:00" duration-ms="28" status="PASS">
          <reporter-output>
          </reporter-output>
        </test-method> <!-- f -->
        <test-method is-config="true" signature="afterMethod()[pri:0, instance:NewTest@6eda5c9]" started-at="2023-12-14T13:22:50 GMT-08:00" name="afterMethod" finished-at="2023-12-14T13:22:50 GMT-08:00" duration-ms="660" status="FAIL">
          <exception class="org.openqa.selenium.WebDriverException">
            <message>
              <![CDATA[disconnected: Unable to receive message from renderer
  (failed to check if window was closed: disconnected: not connected to DevTools)
  (Session info: chrome=120.0.6099.110)
Build info: version: '4.15.0', revision: '1d14b5521b'
System info: os.name: 'Windows 11', os.arch: 'amd64', os.version: '10.0', java.version: '17.0.9'
Driver info: org.openqa.selenium.chrome.ChromeDriver
Command: [6649bc46c615eeffaae8e38a7ae2443b, close {}]
Capabilities {acceptInsecureCerts: false, browserName: chrome, browserVersion: 120.0.6099.110, chrome: {chromedriverVersion: 120.0.6099.71 (9729082fe617..., userDataDir: C:\Users\SAIUPE~1\AppData\L...}, fedcm:accounts: true, goog:chromeOptions: {debuggerAddress: localhost:61652}, networkConnectionEnabled: false, pageLoadStrategy: normal, platformName: windows, proxy: Proxy(), se:cdp: ws://localhost:61652/devtoo..., se:cdpVersion: 120.0.6099.110, setWindowRect: true, strictFileInteractability: false, timeouts: {implicit: 0, pageLoad: 300000, script: 30000}, unhandledPromptBehavior: dismiss and notify, webauthn:extension:credBlob: true, webauthn:extension:largeBlob: true, webauthn:extension:minPinLength: true, webauthn:extension:prf: true, webauthn:virtualAuthenticators: true}
Session ID: 6649bc46c615eeffaae8e38a7ae2443b]]>
            </message>
            <full-stacktrace>
              <![CDATA[org.openqa.selenium.WebDriverException: disconnected: Unable to receive message from renderer
  (failed to check if window was closed: disconnected: not connected to DevTools)
  (Session info: chrome=120.0.6099.110)
Build info: version: '4.15.0', revision: '1d14b5521b'
System info: os.name: 'Windows 11', os.arch: 'amd64', os.version: '10.0', java.version: '17.0.9'
Driver info: org.openqa.selenium.chrome.ChromeDriver
Command: [6649bc46c615eeffaae8e38a7ae2443b, close {}]
Capabilities {acceptInsecureCerts: false, browserName: chrome, browserVersion: 120.0.6099.110, chrome: {chromedriverVersion: 120.0.6099.71 (9729082fe617..., userDataDir: C:\Users\SAIUPE~1\AppData\L...}, fedcm:accounts: true, goog:chromeOptions: {debuggerAddress: localhost:61652}, networkConnectionEnabled: false, pageLoadStrategy: normal, platformName: windows, proxy: Proxy(), se:cdp: ws://localhost:61652/devtoo..., se:cdpVersion: 120.0.6099.110, setWindowRect: true, strictFileInteractability: false, timeouts: {implicit: 0, pageLoad: 300000, script: 30000}, unhandledPromptBehavior: dismiss and notify, webauthn:extension:credBlob: true, webauthn:extension:largeBlob: true, webauthn:extension:minPinLength: true, webauthn:extension:prf: true, webauthn:virtualAuthenticators: true}
Session ID: 6649bc46c615eeffaae8e38a7ae2443b
at java.base/jdk.internal.reflect.NativeConstructorAccessorImpl.newInstance0(Native Method)
at java.base/jdk.internal.reflect.NativeConstructorAccessorImpl.newInstance(NativeConstructorAccessorImpl.java:77)
at java.base/jdk.internal.reflect.DelegatingConstructorAccessorImpl.newInstance(DelegatingConstructorAccessorImpl.java:45)
at java.base/java.lang.reflect.Constructor.newInstanceWithCaller(Constructor.java:499)
at java.base/java.lang.reflect.Constructor.newInstance(Constructor.java:480)
at org.openqa.selenium.remote.codec.w3c.W3CHttpResponseCodec.createException(W3CHttpResponseCodec.java:200)
at org.openqa.selenium.remote.codec.w3c.W3CHttpResponseCodec.decode(W3CHttpResponseCodec.java:133)
at org.openqa.selenium.remote.codec.w3c.W3CHttpResponseCodec.decode(W3CHttpResponseCodec.java:52)
at org.openqa.selenium.remote.HttpCommandExecutor.execute(HttpCommandExecutor.java:191)
at org.openqa.selenium.remote.service.DriverCommandExecutor.invokeExecute(DriverCommandExecutor.java:200)
at org.openqa.selenium.remote.service.DriverCommandExecutor.execute(DriverCommandExecutor.java:175)
at org.openqa.selenium.remote.RemoteWebDriver.execute(RemoteWebDriver.java:607)
at org.openqa.selenium.remote.RemoteWebDriver.execute(RemoteWebDriver.java:680)
at org.openqa.selenium.remote.RemoteWebDriver.execute(RemoteWebDriver.java:684)
at org.openqa.selenium.remote.RemoteWebDriver.close(RemoteWebDriver.java:414)
at NewTest.afterMethod(NewTest.java:33)
at java.base/jdk.internal.reflect.NativeMethodAccessorImpl.invoke0(Native Method)
at java.base/jdk.internal.reflect.NativeMethodAccessorImpl.invoke(NativeMethodAccessorImpl.java:77)
at java.base/jdk.internal.reflect.DelegatingMethodAccessorImpl.invoke(DelegatingMethodAccessorImpl.java:43)
at java.base/java.lang.reflect.Method.invoke(Method.java:568)
at org.testng.internal.invokers.MethodInvocationHelper.invokeMethod(MethodInvocationHelper.java:139)
at org.testng.internal.invokers.MethodInvocationHelper.invokeMethodConsideringTimeout(MethodInvocationHelper.java:69)
at org.testng.internal.invokers.ConfigInvoker.invokeConfigurationMethod(ConfigInvoker.java:361)
at org.testng.internal.invokers.ConfigInvoker.invokeConfigurations(ConfigInvoker.java:296)
at org.testng.internal.invokers.TestInvoker.runConfigMethods(TestInvoker.java:823)
at org.testng.internal.invokers.TestInvoker.runAfterConfigurations(TestInvoker.java:792)
at org.testng.internal.invokers.TestInvoker.invokeMethod(TestInvoker.java:768)
at org.testng.internal.invokers.TestInvoker.invokeTestMethod(TestInvoker.java:221)
at org.testng.internal.invokers.MethodRunner.runInSequence(MethodRunner.java:50)
at org.testng.internal.invokers.TestInvoker$MethodInvocationAgent.invoke(TestInvoker.java:969)
at org.testng.internal.invokers.TestInvoker.invokeTestMethods(TestInvoker.java:194)
at org.testng.internal.invokers.TestMethodWorker.invokeTestMethods(TestMethodWorker.java:148)
at org.testng.internal.invokers.TestMethodWorker.run(TestMethodWorker.java:128)
at java.base/java.util.ArrayList.forEach(ArrayList.java:1511)
at org.testng.TestRunner.privateRun(TestRunner.java:829)
at org.testng.TestRunner.run(TestRunner.java:602)
at org.testng.SuiteRunner.runTest(SuiteRunner.java:437)
at org.testng.SuiteRunner.runSequentially(SuiteRunner.java:431)
at org.testng.SuiteRunner.privateRun(SuiteRunner.java:391)
at org.testng.SuiteRunner.run(SuiteRunner.java:330)
at org.testng.SuiteRunnerWorker.runSuite(SuiteRunnerWorker.java:52)
at org.testng.SuiteRunnerWorker.run(SuiteRunnerWorker.java:95)
at org.testng.TestNG.runSuitesSequentially(TestNG.java:1256)
at org.testng.TestNG.runSuitesLocally(TestNG.java:1176)
at org.testng.TestNG.runSuites(TestNG.java:1099)
at org.testng.TestNG.run(TestNG.java:1067)
at org.apache.maven.surefire.testng.TestNGExecutor.run(TestNGExecutor.java:308)
at org.apache.maven.surefire.testng.TestNGXmlTestSuite.execute(TestNGXmlTestSuite.java:71)
at org.apache.maven.surefire.testng.TestNGProvider.invoke(TestNGProvider.java:113)
at org.apache.maven.surefire.booter.ForkedBooter.runSuitesInProcess(ForkedBooter.java:385)
at org.apache.maven.surefire.booter.ForkedBooter.execute(ForkedBooter.java:162)
at org.apache.maven.surefire.booter.ForkedBooter.run(ForkedBooter.java:507)
at org.apache.maven.surefire.booter.ForkedBooter.main(ForkedBooter.java:495)
]]>
            </full-stacktrace>
          </exception> <!-- org.openqa.selenium.WebDriverException -->
          <reporter-output>
          </reporter-output>
        </test-method> <!-- afterMethod -->
      </class> <!-- NewTest -->
      <class name="NewTest1">
        <test-method is-config="true" signature="beforeSuite()[pri:0, instance:NewTest1@5119fb47]" started-at="2023-12-14T13:22:25 GMT-08:00" name="beforeSuite" finished-at="2023-12-14T13:22:25 GMT-08:00" duration-ms="114" status="PASS">
          <reporter-output>
          </reporter-output>
        </test-method> <!-- beforeSuite -->
        <test-method is-config="true" signature="beforeTest()[pri:0, instance:NewTest1@5119fb47]" started-at="2023-12-14T13:22:25 GMT-08:00" name="beforeTest" finished-at="2023-12-14T13:22:25 GMT-08:00" duration-ms="1" status="PASS">
          <reporter-output>
          </reporter-output>
        </test-method> <!-- beforeTest -->
        <test-method is-config="true" signature="beforeClass()[pri:0, instance:NewTest1@5119fb47]" started-at="2023-12-14T13:22:25 GMT-08:00" name="beforeClass" finished-at="2023-12-14T13:22:25 GMT-08:00" duration-ms="1" status="PASS">
          <reporter-output>
          </reporter-output>
        </test-method> <!-- beforeClass -->
        <test-method is-config="true" signature="beforeMethod()[pri:0, instance:NewTest1@5119fb47]" started-at="2023-12-14T13:22:26 GMT-08:00" name="beforeMethod" finished-at="2023-12-14T13:22:26 GMT-08:00" duration-ms="1" status="PASS">
          <reporter-output>
          </reporter-output>
        </test-method> <!-- beforeMethod -->
        <test-method signature="f()[pri:0, instance:NewTest1@5119fb47]" started-at="2023-12-14T13:22:26 GMT-08:00" name="f" finished-at="2023-12-14T13:22:26 GMT-08:00" duration-ms="35" status="PASS">
          <reporter-output>
          </reporter-output>
        </test-method> <!-- f -->
        <test-method is-config="true" signature="afterMethod()[pri:0, instance:NewTest1@5119fb47]" started-at="2023-12-14T13:22:26 GMT-08:00" name="afterMethod" finished-at="2023-12-14T13:22:26 GMT-08:00" duration-ms="1" status="PASS">
          <reporter-output>
          </reporter-output>
        </test-method> <!-- afterMethod -->
        <test-method is-config="true" signature="afterClass()[pri:0, instance:NewTest1@5119fb47]" started-at="2023-12-14T13:22:26 GMT-08:00" name="afterClass" finished-at="2023-12-14T13:22:26 GMT-08:00" duration-ms="6" status="PASS">
          <reporter-output>
          </reporter-output>
        </test-method> <!-- afterClass -->
        <test-method is-config="true" signature="afterTest()[pri:0, instance:NewTest1@5119fb47]" started-at="2023-12-14T13:22:51 GMT-08:00" name="afterTest" finished-at="2023-12-14T13:22:51 GMT-08:00" duration-ms="1" status="PASS">
          <reporter-output>
          </reporter-output>
        </test-method> <!-- afterTest -->
        <test-method is-config="true" signature="afterSuite()[pri:0, instance:NewTest1@5119fb47]" started-at="2023-12-14T13:22:51 GMT-08:00" name="afterSuite" finished-at="2023-12-14T13:22:51 GMT-08:00" duration-ms="0" status="PASS">
          <reporter-output>
          </reporter-output>
        </test-method> <!-- afterSuite -->
      </class> <!-- NewTest1 -->
    </test> <!-- Test -->
  </suite> <!-- Suite -->
</testng-results>
