<?xml version="1.0" encoding="UTF-8"?>
<!-- Generated by org.testng.reporters.JUnitXMLReporter -->
<testsuite ignored="0" hostname="LAPTOP-5QUMFMFQ" failures="1" tests="7" name="Test" time="21.493" errors="0" timestamp="2023-11-25T06:07:35 GMT-08:00">
  <testcase classname="NewTest1" name="f" time="0.045"/>
  <testcase classname="NewTest" name="f" time="0.066"/>
  <testcase classname="com.selenium.Projecr2.NewTest4" name="beforeSuite" time="0.02">
    <failure type="junit.framework.AssertionFailedError">
      <![CDATA[junit.framework.AssertionFailedError
at junit.framework.Assert.fail(Assert.java:47)
at junit.framework.Assert.fail(Assert.java:53)
at com.selenium.Projecr2.NewTest4.beforeSuite(NewTest4.java:54)
at java.base/java.util.ArrayList.forEach(ArrayList.java:1511)
... Removed 28 stack frames]]>
    </failure>
  </testcase> <!-- beforeSuite -->
  <testcase classname="com.selenium.Projecr2.NewTest4" name="f" time="0.049"/>
  <testcase classname="com.selenium.Projecr2.NewTest4" name="f" time="0.008"/>
  <testcase classname="com.selenium.Projecr2.NewTest4" name="f" time="0.008"/>
  <testcase classname="com.selenium.Projecr2.NewTest4" name="afterSuite" time="0.07"/>
</testsuite> <!-- Test -->
